This is pdfTeX, Version 3.141592653-2.6-1.40.27 (TeX Live 2025) (preloaded format=pdflatex 2025.4.4)  24 FEB 2026 11:52
entering extended mode
 restricted \write18 enabled.
 %&-line parsing enabled.
**praca.tex
(./praca.tex
LaTeX2e <2024-11-01> patch level 2
L3 programming layer <2025-01-18>
(c:/texlive/2025/texmf-dist/tex/latex/base/book.cls
Document Class: book 2024/06/29 v1.4n Standard LaTeX document class
(c:/texlive/2025/texmf-dist/tex/latex/base/bk12.clo
File: bk12.clo 2024/06/29 v1.4n Standard LaTeX file (size option)
)
\c@part=\count196
\c@chapter=\count197
\c@section=\count198
\c@subsection=\count199
\c@subsubsection=\count266
\c@paragraph=\count267
\c@subparagraph=\count268
\c@figure=\count269
\c@table=\count270
\abovecaptionskip=\skip49
\belowcaptionskip=\skip50
\bibindent=\dimen141
) (./Pakiety/pakiety.tex
(c:/texlive/2025/texmf-dist/tex/latex/amsmath/amsmath.sty
Package: amsmath 2024/11/05 v2.17t AMS math features
\@mathmargin=\skip51

For additional information on amsmath, use the `?' option.
(c:/texlive/2025/texmf-dist/tex/latex/amsmath/amstext.sty
Package: amstext 2021/08/26 v2.01 AMS text

(c:/texlive/2025/texmf-dist/tex/latex/amsmath/amsgen.sty
File: amsgen.sty 1999/11/30 v2.0 generic functions
\@emptytoks=\toks17
\ex@=\dimen142
))
(c:/texlive/2025/texmf-dist/tex/latex/amsmath/amsbsy.sty
Package: amsbsy 1999/11/29 v1.2d Bold Symbols
\pmbraise@=\dimen143
)
(c:/texlive/2025/texmf-dist/tex/latex/amsmath/amsopn.sty
Package: amsopn 2022/04/08 v2.04 operator names
)
\inf@bad=\count271
LaTeX Info: Redefining \frac on input line 233.
\uproot@=\count272
\leftroot@=\count273
LaTeX Info: Redefining \overline on input line 398.
LaTeX Info: Redefining \colon on input line 409.
\classnum@=\count274
\DOTSCASE@=\count275
LaTeX Info: Redefining \ldots on input line 495.
LaTeX Info: Redefining \dots on input line 498.
LaTeX Info: Redefining \cdots on input line 619.
\Mathstrutbox@=\box52
\strutbox@=\box53
LaTeX Info: Redefining \big on input line 721.
LaTeX Info: Redefining \Big on input line 722.
LaTeX Info: Redefining \bigg on input line 723.
LaTeX Info: Redefining \Bigg on input line 724.
\big@size=\dimen144
LaTeX Font Info:    Redeclaring font encoding OML on input line 742.
LaTeX Font Info:    Redeclaring font encoding OMS on input line 743.
\macc@depth=\count276
LaTeX Info: Redefining \bmod on input line 904.
LaTeX Info: Redefining \pmod on input line 909.
LaTeX Info: Redefining \smash on input line 939.
LaTeX Info: Redefining \relbar on input line 969.
LaTeX Info: Redefining \Relbar on input line 970.
\c@MaxMatrixCols=\count277
\dotsspace@=\muskip17
\c@parentequation=\count278
\dspbrk@lvl=\count279
\tag@help=\toks18
\row@=\count280
\column@=\count281
\maxfields@=\count282
\andhelp@=\toks19
\eqnshift@=\dimen145
\alignsep@=\dimen146
\tagshift@=\dimen147
\tagwidth@=\dimen148
\totwidth@=\dimen149
\lineht@=\dimen150
\@envbody=\toks20
\multlinegap=\skip52
\multlinetaggap=\skip53
\mathdisplay@stack=\toks21
LaTeX Info: Redefining \[ on input line 2953.
LaTeX Info: Redefining \] on input line 2954.
)
(c:/texlive/2025/texmf-dist/tex/latex/amsfonts/amssymb.sty
Package: amssymb 2013/01/14 v3.01 AMS font symbols

(c:/texlive/2025/texmf-dist/tex/latex/amsfonts/amsfonts.sty
Package: amsfonts 2013/01/14 v3.01 Basic AMSFonts support
\symAMSa=\mathgroup4
\symAMSb=\mathgroup5
LaTeX Font Info:    Redeclaring math symbol \hbar on input line 98.
LaTeX Font Info:    Overwriting math alphabet `\mathfrak' in version `bold'
(Font)                  U/euf/m/n --> U/euf/b/n on input line 106.
))
(c:/texlive/2025/texmf-dist/tex/latex/polski/polski.sty
Package: polski 2021/08/25 v1.3.6 Polish language package

   Switching to Polish text encoding and Polish maths fonts.
(c:/texlive/2025/texmf-dist/tex/latex/base/ot4enc.def
File: ot4enc.def 2021/04/29 v2.0v Standard LaTeX file
Now handling font encoding OT4 ...
... no UTF-8 mapping file for font encoding OT4
)
LaTeX Font Info:    Trying to load font information for OT4+cmr on input line 3
62.

(c:/texlive/2025/texmf-dist/tex/latex/polski/ot4cmr.fd
File: ot4cmr.fd 2008/02/24 v1.2.1 Font defs for fonts PL (MW)
)
LaTeX Font Info:    Overwriting math alphabet `\mathbf' in version `normal'
(Font)                  OT1/cmr/bx/n --> OT4/cmr/bx/n on input line 362.
LaTeX Font Info:    Overwriting math alphabet `\mathsf' in version `normal'
(Font)                  OT1/cmss/m/n --> OT4/cmss/m/n on input line 362.
LaTeX Font Info:    Overwriting math alphabet `\mathit' in version `normal'
(Font)                  OT1/cmr/m/it --> OT4/cmr/m/it on input line 362.
LaTeX Font Info:    Overwriting math alphabet `\mathtt' in version `normal'
(Font)                  OT1/cmtt/m/n --> OT4/cmtt/m/n on input line 362.
LaTeX Font Info:    Overwriting math alphabet `\mathsf' in version `bold'
(Font)                  OT1/cmss/bx/n --> OT4/cmss/bx/n on input line 362.
LaTeX Font Info:    Overwriting math alphabet `\mathit' in version `bold'
(Font)                  OT1/cmr/bx/it --> OT4/cmr/bx/it on input line 362.
LaTeX Font Info:    Encoding `OT1' has changed to `OT4' for symbol font
(Font)              `operators' in the math version `normal' on input line 362.

LaTeX Font Info:    Overwriting symbol font `operators' in version `normal'
(Font)                  OT1/cmr/m/n --> OT4/cmr/m/n on input line 362.
LaTeX Font Info:    Overwriting symbol font `letters' in version `normal'
(Font)                  OML/cmm/m/it --> OML/plm/m/it on input line 362.
LaTeX Font Info:    Overwriting symbol font `symbols' in version `normal'
(Font)                  OMS/cmsy/m/n --> OMS/plsy/m/n on input line 362.
LaTeX Font Info:    Overwriting symbol font `largesymbols' in version `normal'
(Font)                  OMX/cmex/m/n --> OMX/plex/m/n on input line 362.
LaTeX Font Info:    Encoding `OT1' has changed to `OT4' for symbol font
(Font)              `operators' in the math version `bold' on input line 362.
LaTeX Font Info:    Overwriting symbol font `operators' in version `bold'
(Font)                  OT1/cmr/bx/n --> OT4/cmr/bx/n on input line 362.
LaTeX Font Info:    Overwriting symbol font `letters' in version `bold'
(Font)                  OML/cmm/b/it --> OML/plm/b/it on input line 362.
LaTeX Font Info:    Overwriting symbol font `symbols' in version `bold'
(Font)                  OMS/cmsy/b/n --> OMS/plsy/b/n on input line 362.
)
(c:/texlive/2025/texmf-dist/tex/latex/base/inputenc.sty
Package: inputenc 2024/02/08 v1.3d Input encoding file
\inpenc@prehook=\toks22
\inpenc@posthook=\toks23

(c:/texlive/2025/texmf-dist/tex/latex/base/cp1250.def
File: cp1250.def 2024/02/08 v1.3d Input encoding file
))
(c:/texlive/2025/texmf-dist/tex/latex/graphics/color.sty
Package: color 2024/06/23 v1.3e Standard LaTeX Color (DPC)

(c:/texlive/2025/texmf-dist/tex/latex/graphics-cfg/color.cfg
File: color.cfg 2016/01/02 v1.6 sample color configuration
)
Package color Info: Driver file: pdftex.def on input line 149.

(c:/texlive/2025/texmf-dist/tex/latex/graphics-def/pdftex.def
File: pdftex.def 2024/04/13 v1.2c Graphics/color driver for pdftex
)
(c:/texlive/2025/texmf-dist/tex/latex/graphics/dvipsnam.def
File: dvipsnam.def 2016/06/17 v3.0m Driver-dependent file (DPC,SPQR)
)
(c:/texlive/2025/texmf-dist/tex/latex/graphics/mathcolor.ltx))
(c:/texlive/2025/texmf-dist/tex/latex/hyperref/hyperref.sty
Package: hyperref 2024-11-05 v7.01l Hypertext links for LaTeX

(c:/texlive/2025/texmf-dist/tex/generic/iftex/iftex.sty
Package: iftex 2024/12/12 v1.0g TeX engine tests
)
(c:/texlive/2025/texmf-dist/tex/latex/graphics/keyval.sty
Package: keyval 2022/05/29 v1.15 key=value parser (DPC)
\KV@toks@=\toks24
)
(c:/texlive/2025/texmf-dist/tex/latex/kvsetkeys/kvsetkeys.sty
Package: kvsetkeys 2022-10-05 v1.19 Key value parser (HO)
)
(c:/texlive/2025/texmf-dist/tex/generic/kvdefinekeys/kvdefinekeys.sty
Package: kvdefinekeys 2019-12-19 v1.6 Define keys (HO)
)
(c:/texlive/2025/texmf-dist/tex/generic/pdfescape/pdfescape.sty
Package: pdfescape 2019/12/09 v1.15 Implements pdfTeX's escape features (HO)

(c:/texlive/2025/texmf-dist/tex/generic/ltxcmds/ltxcmds.sty
Package: ltxcmds 2023-12-04 v1.26 LaTeX kernel commands for general use (HO)
)
(c:/texlive/2025/texmf-dist/tex/generic/pdftexcmds/pdftexcmds.sty
Package: pdftexcmds 2020-06-27 v0.33 Utility functions of pdfTeX for LuaTeX (HO
)

(c:/texlive/2025/texmf-dist/tex/generic/infwarerr/infwarerr.sty
Package: infwarerr 2019/12/03 v1.5 Providing info/warning/error messages (HO)
)
Package pdftexcmds Info: \pdf@primitive is available.
Package pdftexcmds Info: \pdf@ifprimitive is available.
Package pdftexcmds Info: \pdfdraftmode found.
))
(c:/texlive/2025/texmf-dist/tex/latex/hycolor/hycolor.sty
Package: hycolor 2020-01-27 v1.10 Color options for hyperref/bookmark (HO)
)
(c:/texlive/2025/texmf-dist/tex/latex/hyperref/nameref.sty
Package: nameref 2023-11-26 v2.56 Cross-referencing by name of section

(c:/texlive/2025/texmf-dist/tex/latex/refcount/refcount.sty
Package: refcount 2019/12/15 v3.6 Data extraction from label references (HO)
)
(c:/texlive/2025/texmf-dist/tex/generic/gettitlestring/gettitlestring.sty
Package: gettitlestring 2019/12/15 v1.6 Cleanup title references (HO)

(c:/texlive/2025/texmf-dist/tex/latex/kvoptions/kvoptions.sty
Package: kvoptions 2022-06-15 v3.15 Key value format for package options (HO)
))
\c@section@level=\count283
)
(c:/texlive/2025/texmf-dist/tex/latex/etoolbox/etoolbox.sty
Package: etoolbox 2025/02/11 v2.5l e-TeX tools for LaTeX (JAW)
\etb@tempcnta=\count284
)
(c:/texlive/2025/texmf-dist/tex/generic/stringenc/stringenc.sty
Package: stringenc 2019/11/29 v1.12 Convert strings between diff. encodings (HO
)
)
\@linkdim=\dimen151
\Hy@linkcounter=\count285
\Hy@pagecounter=\count286

(c:/texlive/2025/texmf-dist/tex/latex/hyperref/pd1enc.def
File: pd1enc.def 2024-11-05 v7.01l Hyperref: PDFDocEncoding definition (HO)
Now handling font encoding PD1 ...
... no UTF-8 mapping file for font encoding PD1
)
(c:/texlive/2025/texmf-dist/tex/generic/intcalc/intcalc.sty
Package: intcalc 2019/12/15 v1.3 Expandable calculations with integers (HO)
)
\Hy@SavedSpaceFactor=\count287

(c:/texlive/2025/texmf-dist/tex/latex/hyperref/puenc.def
File: puenc.def 2024-11-05 v7.01l Hyperref: PDF Unicode definition (HO)
Now handling font encoding PU ...
... no UTF-8 mapping file for font encoding PU
)
Package hyperref Info: Option `draft' set `false' on input line 4040.
Package hyperref Info: Option `pdfpagelabels' set `false' on input line 4040.
Package hyperref Info: Option `bookmarks' set `true' on input line 4040.
Package hyperref Info: Option `unicode' set `true' on input line 4040.
Package hyperref Info: Hyper figures OFF on input line 4157.
Package hyperref Info: Link nesting OFF on input line 4162.
Package hyperref Info: Hyper index ON on input line 4165.
Package hyperref Info: Plain pages OFF on input line 4172.
Package hyperref Info: Backreferencing OFF on input line 4177.
Package hyperref Info: Implicit mode ON; LaTeX internals redefined.
Package hyperref Info: Bookmarks ON on input line 4424.
\c@Hy@tempcnt=\count288

(c:/texlive/2025/texmf-dist/tex/latex/url/url.sty
\Urlmuskip=\muskip18
Package: url 2013/09/16  ver 3.4  Verb mode for urls, etc.
)
LaTeX Info: Redefining \url on input line 4763.
\XeTeXLinkMargin=\dimen152

(c:/texlive/2025/texmf-dist/tex/generic/bitset/bitset.sty
Package: bitset 2019/12/09 v1.3 Handle bit-vector datatype (HO)

(c:/texlive/2025/texmf-dist/tex/generic/bigintcalc/bigintcalc.sty
Package: bigintcalc 2019/12/15 v1.5 Expandable calculations on big integers (HO
)
))
\Fld@menulength=\count289
\Field@Width=\dimen153
\Fld@charsize=\dimen154
Package hyperref Info: Hyper figures OFF on input line 6042.
Package hyperref Info: Link nesting OFF on input line 6047.
Package hyperref Info: Hyper index ON on input line 6050.
Package hyperref Info: backreferencing OFF on input line 6057.
Package hyperref Info: Link coloring OFF on input line 6062.
Package hyperref Info: Link coloring with OCG OFF on input line 6067.
Package hyperref Info: PDF/A mode OFF on input line 6072.

(c:/texlive/2025/texmf-dist/tex/latex/base/atbegshi-ltx.sty
Package: atbegshi-ltx 2021/01/10 v1.0c Emulation of the original atbegshi
package with kernel methods
)
\c@Item=\count290
\c@Hfootnote=\count291
)
Package hyperref Info: Driver: hpdftex.

(c:/texlive/2025/texmf-dist/tex/latex/hyperref/hpdftex.def
File: hpdftex.def 2024-11-05 v7.01l Hyperref driver for pdfTeX
\Fld@listcount=\count292
\c@bookmark@seq@number=\count293

(c:/texlive/2025/texmf-dist/tex/latex/rerunfilecheck/rerunfilecheck.sty
Package: rerunfilecheck 2022-07-10 v1.10 Rerun checks for auxiliary files (HO)

(c:/texlive/2025/texmf-dist/tex/latex/base/atveryend-ltx.sty
Package: atveryend-ltx 2020/08/19 v1.0a Emulation of the original atveryend pac
kage
with kernel methods
)
(c:/texlive/2025/texmf-dist/tex/generic/uniquecounter/uniquecounter.sty
Package: uniquecounter 2019/12/15 v1.4 Provide unlimited unique counter (HO)
)
Package uniquecounter Info: New unique counter `rerunfilecheck' on input line 2
85.
)
\Hy@SectionHShift=\skip54
)
(c:/texlive/2025/texmf-dist/tex/latex/extsizes/extsizes.sty
Package: extsizes 1996/10/08 v1.0 Non Standard LaTeX Package


Package ExtSizes Warning: It is better to use one of the extsizes classes,
 if you can.

(c:/texlive/2025/texmf-dist/tex/latex/base/size12.clo
File: size12.clo 2024/06/29 v1.4n Standard LaTeX file (size option)
LaTeX Info: Command `\normalsize' is already robust on input line 56.
LaTeX Info: Redefining \small on input line 58.
LaTeX Info: Redefining \footnotesize on input line 69.
LaTeX Info: Redefining \scriptsize on input line 80.
LaTeX Info: Redefining \tiny on input line 81.
LaTeX Info: Redefining \large on input line 82.
LaTeX Info: Redefining \Large on input line 83.
LaTeX Info: Redefining \LARGE on input line 84.
LaTeX Info: Redefining \huge on input line 85.
))
(c:/texlive/2025/texmf-dist/tex/latex/geometry/geometry.sty
Package: geometry 2020/01/02 v5.9 Page Geometry

(c:/texlive/2025/texmf-dist/tex/generic/iftex/ifvtex.sty
Package: ifvtex 2019/10/25 v1.7 ifvtex legacy package. Use iftex instead.
)
\Gm@cnth=\count294
\Gm@cntv=\count295
\c@Gm@tempcnt=\count296
\Gm@bindingoffset=\dimen155
\Gm@wd@mp=\dimen156
\Gm@odd@mp=\dimen157
\Gm@even@mp=\dimen158
\Gm@layoutwidth=\dimen159
\Gm@layoutheight=\dimen160
\Gm@layouthoffset=\dimen161
\Gm@layoutvoffset=\dimen162
\Gm@dimlist=\toks25
)
(c:/texlive/2025/texmf-dist/tex/latex/tocloft/tocloft.sty
Package: tocloft 2017/08/31 v2.3i parameterised ToC, etc., typesetting
Package tocloft Info: The document has chapter divisions on input line 51.
\cftparskip=\skip55
\cftbeforetoctitleskip=\skip56
\cftaftertoctitleskip=\skip57
\cftbeforepartskip=\skip58
\cftpartnumwidth=\skip59
\cftpartindent=\skip60
\cftbeforechapskip=\skip61
\cftchapindent=\skip62
\cftchapnumwidth=\skip63
\cftbeforesecskip=\skip64
\cftsecindent=\skip65
\cftsecnumwidth=\skip66
\cftbeforesubsecskip=\skip67
\cftsubsecindent=\skip68
\cftsubsecnumwidth=\skip69
\cftbeforesubsubsecskip=\skip70
\cftsubsubsecindent=\skip71
\cftsubsubsecnumwidth=\skip72
\cftbeforeparaskip=\skip73
\cftparaindent=\skip74
\cftparanumwidth=\skip75
\cftbeforesubparaskip=\skip76
\cftsubparaindent=\skip77
\cftsubparanumwidth=\skip78
\cftbeforeloftitleskip=\skip79
\cftafterloftitleskip=\skip80
\cftbeforefigskip=\skip81
\cftfigindent=\skip82
\cftfignumwidth=\skip83
\c@lofdepth=\count297
\c@lotdepth=\count298
\cftbeforelottitleskip=\skip84
\cftafterlottitleskip=\skip85
\cftbeforetabskip=\skip86
\cfttabindent=\skip87
\cfttabnumwidth=\skip88
)
(c:/texlive/2025/texmf-dist/tex/latex/tools/array.sty
Package: array 2024/10/17 v2.6g Tabular extension package (FMi)
\col@sep=\dimen163
\ar@mcellbox=\box54
\extrarowheight=\dimen164
\NC@list=\toks26
\extratabsurround=\skip89
\backup@length=\skip90
\ar@cellbox=\box55
)
(c:/texlive/2025/texmf-dist/tex/latex/caption/caption.sty
Package: caption 2023/08/05 v3.6o Customizing captions (AR)

(c:/texlive/2025/texmf-dist/tex/latex/caption/caption3.sty
Package: caption3 2023/07/31 v2.4d caption3 kernel (AR)
\caption@tempdima=\dimen165
\captionmargin=\dimen166
\caption@leftmargin=\dimen167
\caption@rightmargin=\dimen168
\caption@width=\dimen169
\caption@indent=\dimen170
\caption@parindent=\dimen171
\caption@hangindent=\dimen172
Package caption Info: Standard document class detected.
)
\c@caption@flags=\count299
\c@continuedfloat=\count300
Package caption Info: hyperref package is loaded.
)
(c:/texlive/2025/texmf-dist/tex/latex/floatflt/floatflt.sty
Package: floatflt 1997/07/16 v. 1.31
\c@OptionTest=\count301
\figbox=\box56
\tabbox=\box57
\pagebox=\box58
\ffigcount=\count302
\ftabcount=\count303
\fftest=\count304
\hangcount=\count305
\nosuccesstryfig=\count306
\nosuccesstrytab=\count307
\figgutter=\dimen173
\tabgutter=\dimen174
\htdone=\dimen175
\pageht=\dimen176
\startpageht=\dimen177
\tabbredd=\dimen178
\floatfltwidth=\dimen179
\fltitemwidth=\dimen180
\outputpretest=\toks27
)
(c:/texlive/2025/texmf-dist/tex/latex/subfig/subfig.sty
Package: subfig 2005/06/28 ver: 1.3 subfig package
\c@KVtest=\count308
\sf@farskip=\skip91
\sf@captopadj=\dimen181
\sf@capskip=\skip92
\sf@nearskip=\skip93
\c@subfigure=\count309
\c@subfigure@save=\count310
\c@subtable=\count311
\c@subtable@save=\count312
\sf@top=\skip94
\sf@bottom=\skip95
)
(c:/texlive/2025/texmf-dist/tex/latex/graphics/graphicx.sty
Package: graphicx 2021/09/16 v1.2d Enhanced LaTeX Graphics (DPC,SPQR)

(c:/texlive/2025/texmf-dist/tex/latex/graphics/graphics.sty
Package: graphics 2024/08/06 v1.4g Standard LaTeX Graphics (DPC,SPQR)

(c:/texlive/2025/texmf-dist/tex/latex/graphics/trig.sty
Package: trig 2023/12/02 v1.11 sin cos tan (DPC)
)
(c:/texlive/2025/texmf-dist/tex/latex/graphics-cfg/graphics.cfg
File: graphics.cfg 2016/06/04 v1.11 sample graphics configuration
)
Package graphics Info: Driver file: pdftex.def on input line 106.
)
\Gin@req@height=\dimen182
\Gin@req@width=\dimen183
)
(c:/texlive/2025/texmf-dist/tex/latex/here/here.sty)
(c:/texlive/2025/texmf-dist/tex/latex/float/float.sty
Package: float 2001/11/08 v1.3d Float enhancements (AL)
\c@float@type=\count313
\float@exts=\toks28
\float@box=\box59
\@float@everytoks=\toks29
\@floatcapt=\box60
)
(c:/texlive/2025/texmf-dist/tex/latex/tools/enumerate.sty
Package: enumerate 2023/07/04 v3.00 enumerate extensions (DPC)
\@enLab=\toks30
)
(c:/texlive/2025/texmf-dist/tex/latex/multirow/multirow.sty
Package: multirow 2024/11/12 v2.9 Span multiple rows of a table
\multirow@colwidth=\skip96
\multirow@cntb=\count314
\multirow@dima=\skip97
\bigstrutjot=\dimen184
)
(c:/texlive/2025/texmf-dist/tex/latex/listings/listings.sty
\lst@mode=\count315
\lst@gtempboxa=\box61
\lst@token=\toks31
\lst@length=\count316
\lst@currlwidth=\dimen185
\lst@column=\count317
\lst@pos=\count318
\lst@lostspace=\dimen186
\lst@width=\dimen187
\lst@newlines=\count319
\lst@lineno=\count320
\lst@maxwidth=\dimen188

(c:/texlive/2025/texmf-dist/tex/latex/listings/lstpatch.sty
File: lstpatch.sty 2024/09/23 1.10c (Carsten Heinz)
)
(c:/texlive/2025/texmf-dist/tex/latex/listings/lstmisc.sty
File: lstmisc.sty 2024/09/23 1.10c (Carsten Heinz)
\c@lstnumber=\count321
\lst@skipnumbers=\count322
\lst@framebox=\box62
)
(c:/texlive/2025/texmf-dist/tex/latex/listings/listings.cfg
File: listings.cfg 2024/09/23 1.10c listings configuration
))
Package: listings 2024/09/23 1.10c (Carsten Heinz)

(c:/texlive/2025/texmf-dist/tex/latex/xcolor/xcolor.sty
Package: xcolor 2024/09/29 v3.02 LaTeX color extensions (UK)

(c:/texlive/2025/texmf-dist/tex/latex/graphics-cfg/color.cfg
File: color.cfg 2016/01/02 v1.6 sample color configuration
)
Package xcolor Info: Driver file: pdftex.def on input line 274.
LaTeX Info: Redefining \color on input line 762.

(c:/texlive/2025/texmf-dist/tex/latex/graphics/mathcolor.ltx)
Package xcolor Info: Model `cmy' substituted by `cmy0' on input line 1349.
Package xcolor Info: Model `hsb' substituted by `rgb' on input line 1353.
Package xcolor Info: Model `RGB' extended on input line 1365.
Package xcolor Info: Model `HTML' substituted by `rgb' on input line 1367.
Package xcolor Info: Model `Hsb' substituted by `hsb' on input line 1368.
Package xcolor Info: Model `tHsb' substituted by `hsb' on input line 1369.
Package xcolor Info: Model `HSB' substituted by `hsb' on input line 1370.
Package xcolor Info: Model `Gray' substituted by `gray' on input line 1371.
Package xcolor Info: Model `wave' substituted by `hsb' on input line 1372.
)
(c:/texlive/2025/texmf-dist/tex/latex/slantsc/slantsc.sty
Package: slantsc 2012/01/01 v2.11 Provide Slanted an Italic Small Caps

(c:/texlive/2025/texmf-dist/tex/latex/base/ifthen.sty
Package: ifthen 2024/03/16 v1.1e Standard LaTeX ifthen package (DPC)
)
LaTeX Info: Redefining \upshape on input line 35.
LaTeX Info: Redefining \slshape on input line 45.
LaTeX Info: Redefining \itshape on input line 55.
LaTeX Info: Redefining \scshape on input line 65.
)
(c:/texlive/2025/texmf-dist/tex/latex/glossaries/base/glossaries.sty
Package: glossaries 2025/03/19 v4.58 (NLCT)

(c:/texlive/2025/texmf-dist/tex/latex/xkeyval/xkeyval.sty
Package: xkeyval 2022/06/16 v2.9 package option processing (HA)

(c:/texlive/2025/texmf-dist/tex/generic/xkeyval/xkeyval.tex
(c:/texlive/2025/texmf-dist/tex/generic/xkeyval/xkvutils.tex
\XKV@toks=\toks32
\XKV@tempa@toks=\toks33
)
\XKV@depth=\count323
File: xkeyval.tex 2014/12/03 v2.7a key=value parser (HA)
))
(c:/texlive/2025/texmf-dist/tex/latex/mfirstuc/mfirstuc.sty
Package: mfirstuc 2022/10/14 v2.08 (NLCT)
\@glsmfirst=\toks34
\@glsmrest=\toks35
)
(c:/texlive/2025/texmf-dist/tex/latex/xfor/xfor.sty
Package: xfor 2009/02/05 v1.05 (NLCT)
)
(c:/texlive/2025/texmf-dist/tex/latex/datatool/datatool-base.sty
Package: datatool-base 2025/03/25 v3.3 (NLCT)

(c:/texlive/2025/texmf-dist/tex/latex/tracklang/tracklang.sty
Package: tracklang 2025/03/11 v1.6.6 (NLCT) Track Languages

(c:/texlive/2025/texmf-dist/tex/generic/tracklang/tracklang.tex))
(c:/texlive/2025/texmf-dist/tex/latex/datatool/datatool-l3fp.def
File: datatool-l3fp.def 2025/03/25 v3.3 (NLCT)
)
\@dtl@toks=\toks36
\@dtl@tmpcount=\count324
\dtl@tmplength=\skip98
\l__datatool_measure_box=\box63
\dtl@sortresult=\count325
Package datatool-base Info: Missing file `datatool-cp1250.ldf'. Falling back on
 US-ASCII for \datatool_..._str commands on input line 1952.
\@dtl@datatype=\count326
\l__datatool_tmpa_int=\count327
\l__datatool_tmpb_int=\count328
\l__datatool_tmpc_int=\count329
\l__datatool_tmpd_int=\count330
\l__datatool_count_int=\count331
\l__datatool_tmp_datatype_int=\count332
\l__datatool_tmpa_dim=\dimen189
\l__datatool_tmpb_dim=\dimen190
\c_datatool_unknown_int=\count333
\l__datatool_year_int=\count334
\l__datatool_month_int=\count335
\l__datatool_day_int=\count336
\l__datatool_hour_int=\count337
\l__datatool_minute_int=\count338
\l__datatool_second_int=\count339
\l__datatool_tzhour_int=\count340
\l__datatool_tzminute_int=\count341
\l__datatool_julian_int=\count342
\l__datatool_local_julian_int=\count343
\l__datatool_prefix_int=\count344
\l__datatool_suffix_int=\count345
\@dtl@foreach@level=\count346
\dtl@codeA=\count347
\dtl@codeB=\count348
)
\gls@level=\count349
\@gls@tmpb=\toks37
\gls@tmplen=\skip99
\glskeylisttok=\toks38
\glslabeltok=\toks39
\glsshorttok=\toks40
\glslongtok=\toks41

(c:/texlive/2025/texmf-dist/tex/latex/glossaries/styles/glossary-hypernav.sty
Package: glossary-hypernav 2025/03/19 v4.58 (NLCT)
)
(c:/texlive/2025/texmf-dist/tex/latex/glossaries/styles/glossary-list.sty
Package: glossary-list 2025/03/19 v4.58 (NLCT)
\glslistdottedwidth=\skip100
)
(c:/texlive/2025/texmf-dist/tex/latex/glossaries/styles/glossary-long.sty
Package: glossary-long 2025/03/19 v4.58 (NLCT)

(c:/texlive/2025/texmf-dist/tex/latex/tools/longtable.sty
Package: longtable 2024-10-27 v4.22 Multi-page Table package (DPC)
\LTleft=\skip101
\LTright=\skip102
\LTpre=\skip103
\LTpost=\skip104
\LTchunksize=\count350
\LTcapwidth=\dimen191
\LT@head=\box64
\LT@firsthead=\box65
\LT@foot=\box66
\LT@lastfoot=\box67
\LT@gbox=\box68
\LT@cols=\count351
\LT@rows=\count352
\c@LT@tables=\count353
\c@LT@chunks=\count354
\LT@p@ftn=\toks42
)
\glsdescwidth=\skip105
\glspagelistwidth=\skip106
)
(c:/texlive/2025/texmf-dist/tex/latex/glossaries/styles/glossary-super.sty
Package: glossary-super 2025/03/19 v4.58 (NLCT)

(c:/texlive/2025/texmf-dist/tex/latex/supertabular/supertabular.sty
Package: supertabular 2024/07/20 v4.2c the supertabular environment
\c@tracingst=\count355
\ST@wd=\dimen192
\ST@rightskip=\skip107
\ST@leftskip=\skip108
\ST@parfillskip=\skip109
\ST@pageleft=\dimen193
\ST@headht=\dimen194
\ST@tailht=\dimen195
\ST@pagesofar=\dimen196
\ST@pboxht=\dimen197
\ST@rowht=\dimen198
\ST@prevht=\dimen199
\ST@toadd=\dimen256
\ST@dimen=\dimen257
\ST@pbox=\box69
))
(c:/texlive/2025/texmf-dist/tex/latex/glossaries/styles/glossary-tree.sty
Package: glossary-tree 2025/03/19 v4.58 (NLCT)
\glstreeindent=\skip110
))
(c:/texlive/2025/texmf-dist/tex/latex/dashrule/dashrule.sty
Package: dashrule 2013/03/28 v1.3 Dashed rules

(c:/texlive/2025/texmf-dist/tex/latex/ifmtarg/ifmtarg.sty
Package: ifmtarg 2018/04/16 v1.2b check for an empty argument
)
\c@hdr@segments=\count356
)
(c:/texlive/2025/texmf-dist/tex/latex/fancyhdr/fancyhdr.sty
Package: fancyhdr 2025/02/07 v5.2 Extensive control of page headers and footers

\f@nch@headwidth=\skip111
\f@nch@offset@elh=\skip112
\f@nch@offset@erh=\skip113
\f@nch@offset@olh=\skip114
\f@nch@offset@orh=\skip115
\f@nch@offset@elf=\skip116
\f@nch@offset@erf=\skip117
\f@nch@offset@olf=\skip118
\f@nch@offset@orf=\skip119
\f@nch@height=\skip120
\f@nch@footalignment=\skip121
\f@nch@widthL=\skip122
\f@nch@widthC=\skip123
\f@nch@widthR=\skip124
\@temptokenb=\toks43
)
(c:/texlive/2025/texmf-dist/tex/latex/tools/calc.sty
Package: calc 2023/07/08 v4.3 Infix arithmetic (KKT,FJ)
\calc@Acount=\count357
\calc@Bcount=\count358
\calc@Adimen=\dimen258
\calc@Bdimen=\dimen259
\calc@Askip=\skip125
\calc@Bskip=\skip126
LaTeX Info: Redefining \setlength on input line 80.
LaTeX Info: Redefining \addtolength on input line 81.
\calc@Ccount=\count359
\calc@Cskip=\skip127
) (./packages/zmienne.sty)
(./packages/strona_tytulowa.sty) (./packages/oswiadczenie.sty)
(./packages/karta_pracy.sty) (./packages/pusta_strona.sty)
(./packages/wspolrealizacja.sty)
(c:/texlive/2025/texmf-dist/tex/latex/tools/indentfirst.sty
Package: indentfirst 2023/07/02 v1.03 Indent first paragraph (DPC)
)
(c:/texlive/2025/texmf-dist/tex/latex/base/fontenc.sty
Package: fontenc 2021/04/29 v2.0v Standard LaTeX package
)
(c:/texlive/2025/texmf-dist/tex/latex/lm/lmodern.sty
Package: lmodern 2015/05/01 v1.6.1 Latin Modern Fonts
LaTeX Font Info:    Encoding `OT4' has changed to `OT1' for symbol font
(Font)              `operators' in the math version `normal' on input line 22.
LaTeX Font Info:    Overwriting symbol font `operators' in version `normal'
(Font)                  OT4/cmr/m/n --> OT1/lmr/m/n on input line 22.
LaTeX Font Info:    Overwriting symbol font `letters' in version `normal'
(Font)                  OML/plm/m/it --> OML/lmm/m/it on input line 23.
LaTeX Font Info:    Overwriting symbol font `symbols' in version `normal'
(Font)                  OMS/plsy/m/n --> OMS/lmsy/m/n on input line 24.
LaTeX Font Info:    Overwriting symbol font `largesymbols' in version `normal'
(Font)                  OMX/plex/m/n --> OMX/lmex/m/n on input line 25.
LaTeX Font Info:    Encoding `OT4' has changed to `OT1' for symbol font
(Font)              `operators' in the math version `bold' on input line 26.
LaTeX Font Info:    Overwriting symbol font `operators' in version `bold'
(Font)                  OT4/cmr/bx/n --> OT1/lmr/bx/n on input line 26.
LaTeX Font Info:    Overwriting symbol font `letters' in version `bold'
(Font)                  OML/plm/b/it --> OML/lmm/b/it on input line 27.
LaTeX Font Info:    Overwriting symbol font `symbols' in version `bold'
(Font)                  OMS/plsy/b/n --> OMS/lmsy/b/n on input line 28.
LaTeX Font Info:    Overwriting symbol font `largesymbols' in version `bold'
(Font)                  OMX/cmex/m/n --> OMX/lmex/m/n on input line 29.
LaTeX Font Info:    Overwriting math alphabet `\mathbf' in version `normal'
(Font)                  OT4/cmr/bx/n --> OT1/lmr/bx/n on input line 31.
LaTeX Font Info:    Overwriting math alphabet `\mathsf' in version `normal'
(Font)                  OT4/cmss/m/n --> OT1/lmss/m/n on input line 32.
LaTeX Font Info:    Overwriting math alphabet `\mathit' in version `normal'
(Font)                  OT4/cmr/m/it --> OT1/lmr/m/it on input line 33.
LaTeX Font Info:    Overwriting math alphabet `\mathtt' in version `normal'
(Font)                  OT4/cmtt/m/n --> OT1/lmtt/m/n on input line 34.
LaTeX Font Info:    Overwriting math alphabet `\mathbf' in version `bold'
(Font)                  OT1/cmr/bx/n --> OT1/lmr/bx/n on input line 35.
LaTeX Font Info:    Overwriting math alphabet `\mathsf' in version `bold'
(Font)                  OT4/cmss/bx/n --> OT1/lmss/bx/n on input line 36.
LaTeX Font Info:    Overwriting math alphabet `\mathit' in version `bold'
(Font)                  OT4/cmr/bx/it --> OT1/lmr/bx/it on input line 37.
LaTeX Font Info:    Overwriting math alphabet `\mathtt' in version `bold'
(Font)                  OT1/cmtt/m/n --> OT1/lmtt/m/n on input line 38.
)
LaTeX Font Info:    Trying to load font information for T1+lmr on input line 85
.

(c:/texlive/2025/texmf-dist/tex/latex/lm/t1lmr.fd
File: t1lmr.fd 2015/05/01 v1.6.1 Font defs for Latin Modern
)
(c:/texlive/2025/texmf-dist/tex/latex/algorithms/algorithm.sty
Package: algorithm 2009/08/24 v0.1 Document Style `algorithm' - floating enviro
nment
\@float@every@algorithm=\toks44
\c@algorithm=\count360
)
(c:/texlive/2025/texmf-dist/tex/latex/algorithms/algorithmic.sty
Package: algorithmic 2009/08/24 v0.1 Document Style `algorithmic'
\c@ALC@unique=\count361
\c@ALC@line=\count362
\c@ALC@rem=\count363
\c@ALC@depth=\count364
\ALC@tlm=\skip128
\algorithmicindent=\skip129
)
(c:/texlive/2025/texmf-dist/tex/latex/placeins/placeins.sty
Package: placeins 2005/04/18  v 2.2
)
(c:/texlive/2025/texmf-dist/tex/latex/nomencl/nomencl.sty
Package: nomencl 2021/11/10 v5.6 Nomenclature package

(c:/texlive/2025/texmf-dist/tex/latex/koma-script/tocbasic.sty
Package: tocbasic 2024/10/24 v3.43 KOMA-Script package (handling toc-files)

(c:/texlive/2025/texmf-dist/tex/latex/koma-script/scrbase.sty
Package: scrbase 2024/10/24 v3.43 KOMA-Script package (KOMA-Script-independent 
basics and keyval usage)

(c:/texlive/2025/texmf-dist/tex/latex/koma-script/scrlfile.sty
Package: scrlfile 2024/10/24 v3.43 KOMA-Script package (file load hooks)

(c:/texlive/2025/texmf-dist/tex/latex/koma-script/scrlfile-hook.sty
Package: scrlfile-hook 2024/10/24 v3.43 KOMA-Script package (using LaTeX hooks)


(c:/texlive/2025/texmf-dist/tex/latex/koma-script/scrlogo.sty
Package: scrlogo 2024/10/24 v3.43 KOMA-Script package (logo)
)))
Applying: [2021/05/01] Usage of raw or classic option list on input line 254.
Already applied: [0000/00/00] Usage of raw or classic option list on input line
 370.
)
\scr@dte@tocline@numberwidth=\skip130
\scr@dte@tocline@numbox=\box70
)
Package tocbasic Info: omitting babel extension for `nlo'
(tocbasic)             because of missing \bbl@set@language on input line 187.
Package tocbasic Info: omitting babel extension for `nls'
(tocbasic)             because of missing \bbl@set@language on input line 188.
\nomlabelwidth=\dimen260
\nom@tempdim=\dimen261
\nomitemsep=\skip131
)
\@nomenclaturefile=\write3
\openout3 = `praca.nlo'.

Package nomencl Info: Writing nomenclature file praca.nlo on input line 101.

(c:/texlive/2025/texmf-dist/tex/latex/base/makeidx.sty
Package: makeidx 2021/10/04 v1.0m Standard LaTeX package
)
\@indexfile=\write4
\openout4 = `praca.idx'.


Writing index file praca.idx
(c:/texlive/2025/texmf-dist/tex/latex/tabulary/tabulary.sty
Package: tabulary 2024/06/04 v0.11 tabulary package (DPC)
\TY@count=\count365
\TY@linewidth=\dimen262
\tymin=\dimen263
\tymax=\dimen264
\TY@tablewidth=\dimen265
))
(c:/texlive/2025/texmf-dist/tex/latex/adjustbox/adjustbox.sty
Package: adjustbox 2025/02/26 v1.3c Adjusting TeX boxes (trim, clip, ...)

(c:/texlive/2025/texmf-dist/tex/latex/adjustbox/adjcalc.sty
Package: adjcalc 2012/05/16 v1.1 Provides advanced setlength with multiple back
-ends (calc, etex, pgfmath)
)
(c:/texlive/2025/texmf-dist/tex/latex/adjustbox/trimclip.sty
Package: trimclip 2025/02/21 v1.2a Trim and clip general TeX material

(c:/texlive/2025/texmf-dist/tex/latex/collectbox/collectbox.sty
Package: collectbox 2022/10/17 v0.4c Collect macro arguments as boxes
\collectedbox=\box71
)
\tc@llx=\dimen266
\tc@lly=\dimen267
\tc@urx=\dimen268
\tc@ury=\dimen269
Package trimclip Info: Using driver 'tc-pdftex.def'.

(c:/texlive/2025/texmf-dist/tex/latex/adjustbox/tc-pdftex.def
File: tc-pdftex.def 2025/02/26 v2.3 Clipping driver for pdftex
))
\adjbox@Width=\dimen270
\adjbox@Height=\dimen271
\adjbox@Depth=\dimen272
\adjbox@Totalheight=\dimen273
\adjbox@pwidth=\dimen274
\adjbox@pheight=\dimen275
\adjbox@pdepth=\dimen276
\adjbox@ptotalheight=\dimen277

(c:/texlive/2025/texmf-dist/tex/latex/ifoddpage/ifoddpage.sty
Package: ifoddpage 2022/10/18 v1.2 Conditionals for odd/even page detection
\c@checkoddpage=\count366
)
(c:/texlive/2025/texmf-dist/tex/latex/varwidth/varwidth.sty
Package: varwidth 2009/03/30 ver 0.92;  Variable-width minipages
\@vwid@box=\box72
\sift@deathcycles=\count367
\@vwid@loff=\dimen278
\@vwid@roff=\dimen279
))
(./Ustawienia/ustawienia.tex)
(c:/texlive/2025/texmf-dist/tex/latex/l3backend/l3backend-pdftex.def
File: l3backend-pdftex.def 2024-05-08 L3 backend support: PDF output (pdfTeX)
\l__color_backend_stack_int=\count368
\l__pdf_internal_box=\box73
)
(./praca.aux

LaTeX Warning: Label `fig:przyklad3D' multiply defined.


LaTeX Warning: Label `fig:przyklad3D' multiply defined.


LaTeX Warning: Label `fig:przyklad3D' multiply defined.


LaTeX Warning: Label `fig:przyklad3D' multiply defined.


LaTeX Warning: Label `fig:przyklad3D' multiply defined.


LaTeX Warning: Label `fig:przyklad3D' multiply defined.


LaTeX Warning: Label `fig:przyklad3D' multiply defined.

)
\openout1 = `praca.aux'.

LaTeX Font Info:    Checking defaults for OML/cmm/m/it on input line 29.
LaTeX Font Info:    ... okay on input line 29.
LaTeX Font Info:    Checking defaults for OMS/cmsy/m/n on input line 29.
LaTeX Font Info:    ... okay on input line 29.
LaTeX Font Info:    Checking defaults for OT1/cmr/m/n on input line 29.
LaTeX Font Info:    ... okay on input line 29.
LaTeX Font Info:    Checking defaults for T1/cmr/m/n on input line 29.
LaTeX Font Info:    ... okay on input line 29.
LaTeX Font Info:    Checking defaults for TS1/cmr/m/n on input line 29.
LaTeX Font Info:    ... okay on input line 29.
LaTeX Font Info:    Checking defaults for OMX/cmex/m/n on input line 29.
LaTeX Font Info:    ... okay on input line 29.
LaTeX Font Info:    Checking defaults for U/cmr/m/n on input line 29.
LaTeX Font Info:    ... okay on input line 29.
LaTeX Font Info:    Checking defaults for OT4/cmr/m/n on input line 29.
LaTeX Font Info:    ... okay on input line 29.
LaTeX Font Info:    Checking defaults for PD1/pdf/m/n on input line 29.
LaTeX Font Info:    ... okay on input line 29.
LaTeX Font Info:    Checking defaults for PU/pdf/m/n on input line 29.
LaTeX Font Info:    ... okay on input line 29.
 (c:/texlive/2025/texmf-dist/tex/context/base/mkii/supp-pdf.mkii
[Loading MPS to PDF converter (version 2006.09.02).]
\scratchcounter=\count369
\scratchdimen=\dimen280
\scratchbox=\box74
\nofMPsegments=\count370
\nofMParguments=\count371
\everyMPshowfont=\toks45
\MPscratchCnt=\count372
\MPscratchDim=\dimen281
\MPnumerator=\count373
\makeMPintoPDFobject=\count374
\everyMPtoPDFconversion=\toks46
) (c:/texlive/2025/texmf-dist/tex/latex/epstopdf-pkg/epstopdf-base.sty
Package: epstopdf-base 2020-01-24 v2.11 Base part for package epstopdf
Package epstopdf-base Info: Redefining graphics rule for `.eps' on input line 4
85.

(c:/texlive/2025/texmf-dist/tex/latex/latexconfig/epstopdf-sys.cfg
File: epstopdf-sys.cfg 2010/07/13 v1.3 Configuration of (r)epstopdf for TeX Liv
e
))
Package hyperref Info: Link coloring OFF on input line 29.

(./praca.out) (./praca.out)
\@outlinefile=\write5
\openout5 = `praca.out'.


*geometry* driver: auto-detecting
*geometry* detected driver: pdftex
*geometry* verbose mode - [ preamble ] result:
* driver: pdftex
* paper: a4paper
* layout: <same size as paper>
* layoutoffset:(h,v)=(0.0pt,0.0pt)
* modes: twoside 
* h-part:(L,W,R)=(99.58464pt, 426.79135pt, 71.13188pt)
* v-part:(T,H,B)=(71.13188pt, 702.78308pt, 71.13188pt)
* \paperwidth=597.50787pt
* \paperheight=845.04684pt
* \textwidth=426.79135pt
* \textheight=702.78308pt
* \oddsidemargin=27.31465pt
* \evensidemargin=-1.1381pt
* \topmargin=-38.1381pt
* \headheight=15.0pt
* \headsep=25.0pt
* \topskip=12.0pt
* \footskip=30.0pt
* \marginparwidth=85.0pt
* \marginparsep=10.0pt
* \columnsep=10.0pt
* \skip\footins=10.8pt plus 4.0pt minus 2.0pt
* \hoffset=0.0pt
* \voffset=0.0pt
* \mag=1000
* \@twocolumnfalse
* \@twosidetrue
* \@mparswitchtrue
* \@reversemargintrue
* (1in=72.27pt=25.4mm, 1cm=28.453pt)

Package caption Info: Begin \AtBeginDocument code.
Package caption Info: subfig package v1.3 is loaded.
Package caption Info: float package is loaded.
Package caption Info: floatflt package is loaded.
Package caption Info: listings package is loaded.
Package caption Info: longtable package is loaded.
(c:/texlive/2025/texmf-dist/tex/latex/caption/ltcaption.sty
Package: ltcaption 2021/01/08 v1.4c longtable captions (AR)
)
Package caption Info: supertabular package is loaded.
Package caption Info: End \AtBeginDocument code.
\c@lstlisting=\count375
Package tocbasic Info: omitting babel extension for `lol'
(tocbasic)             because of missing \bbl@set@language on input line 29.
LaTeX Font Info:    Trying to load font information for OT1+lmr on input line 6
2.

(c:/texlive/2025/texmf-dist/tex/latex/lm/ot1lmr.fd
File: ot1lmr.fd 2015/05/01 v1.6.1 Font defs for Latin Modern
)
LaTeX Font Info:    Trying to load font information for OML+lmm on input line 6
2.

(c:/texlive/2025/texmf-dist/tex/latex/lm/omllmm.fd
File: omllmm.fd 2015/05/01 v1.6.1 Font defs for Latin Modern
)
LaTeX Font Info:    Trying to load font information for OMS+lmsy on input line 
62.

(c:/texlive/2025/texmf-dist/tex/latex/lm/omslmsy.fd
File: omslmsy.fd 2015/05/01 v1.6.1 Font defs for Latin Modern
)
LaTeX Font Info:    Trying to load font information for OMX+lmex on input line 
62.

(c:/texlive/2025/texmf-dist/tex/latex/lm/omxlmex.fd
File: omxlmex.fd 2015/05/01 v1.6.1 Font defs for Latin Modern
)
LaTeX Font Info:    External font `lmex10' loaded for size
(Font)              <12> on input line 62.
LaTeX Font Info:    External font `lmex10' loaded for size
(Font)              <8> on input line 62.
LaTeX Font Info:    External font `lmex10' loaded for size
(Font)              <6> on input line 62.
LaTeX Font Info:    Trying to load font information for U+msa on input line 62.


(c:/texlive/2025/texmf-dist/tex/latex/amsfonts/umsa.fd
File: umsa.fd 2013/01/14 v3.01 AMS symbols A
)
LaTeX Font Info:    Trying to load font information for U+msb on input line 62.


(c:/texlive/2025/texmf-dist/tex/latex/amsfonts/umsb.fd
File: umsb.fd 2013/01/14 v3.01 AMS symbols B
)

[1

{c:/texlive/2025/texmf-var/fonts/map/pdftex/updmap/pdftex.map}{c:/texlive/2025/
texmf-dist/fonts/enc/dvips/lm/lm-ec.enc}]

[2

] (./Streszczenie/Streszczenie.tex)

[3] (./praca.toc
LaTeX Font Info:    Trying to load font information for T1+lmtt on input line 2
4.
 (c:/texlive/2025/texmf-dist/tex/latex/lm/t1lmtt.fd
File: t1lmtt.fd 2015/05/01 v1.6.1 Font defs for Latin Modern
)

[4])
\tf@toc=\write6
\openout6 = `praca.toc'.



[5] (./praca.lof
Underfull \vbox (badness 5756) has occurred while \output is active []



[6])
\tf@lof=\write7
\openout7 = `praca.lof'.



[7] (./praca.lot)
\tf@lot=\write8
\openout8 = `praca.lot'.



[8] (./praca.lol
Overfull \hbox (4.39142pt too wide) in paragraph at lines 1--1
 [][] [][]\T1/lmr/m/n/12 Przykªadowy kod usta-wia-nia pa-ra-me-trów po-go-dy w 
sy-mu-la-to-rze CAR- 
 []



[9

])
\tf@lol=\write9
\openout9 = `praca.lol'.



[10] (./Rozdzial1/rozdzial1.tex
Rozdzia\PlPrIeC {\l } 1.
LaTeX Font Info:    Trying to load font information for TS1+lmr on input line 1
5.
(c:/texlive/2025/texmf-dist/tex/latex/lm/ts1lmr.fd
File: ts1lmr.fd 2015/05/01 v1.6.1 Font defs for Latin Modern
)

[1

{c:/texlive/2025/texmf-dist/fonts/enc/dvips/lm/lm-ts1.enc}]
Overfull \hbox (3.47913pt too wide) in paragraph at lines 64--65
[]\T1/lmr/m/n/12 zaprojektowanie i wdro-»e-nie sys-te-mu wy-kry-wa-nia obiek-tó
w w ±ro-do-wi-sku CAR-
 []



[2]) (./Rozdzial2/rozdzial2.tex

[3]
Rozdzia\PlPrIeC {\l } 2.
LaTeX Font Info:    Trying to load font information for T1+lmss on input line 8
.
(c:/texlive/2025/texmf-dist/tex/latex/lm/t1lmss.fd
File: t1lmss.fd 2015/05/01 v1.6.1 Font defs for Latin Modern
)

[4

]

[5]
<Rysunki/Rozdzial2/map_1.png, id=546, 1626.075pt x 958.58125pt>
File: Rysunki/Rozdzial2/map_1.png Graphic file (type png)
<use Rysunki/Rozdzial2/map_1.png>
Package pdftex.def Info: Rysunki/Rozdzial2/map_1.png  used on input line 43.
(pdftex.def)             Requested size: 341.43306pt x 201.26411pt.
<Rysunki/Rozdzial2/Town04.png, id=550, 1626.075pt x 958.58125pt>
File: Rysunki/Rozdzial2/Town04.png Graphic file (type png)
<use Rysunki/Rozdzial2/Town04.png>
Package pdftex.def Info: Rysunki/Rozdzial2/Town04.png  used on input line 52.
(pdftex.def)             Requested size: 341.43306pt x 201.26411pt.


[6 <./Rysunki/Rozdzial2/map_1.png> <./Rysunki/Rozdzial2/Town04.png>]
<Rysunki/Rozdzial2/traffic.png, id=559, 1281.78876pt x 757.83125pt>
File: Rysunki/Rozdzial2/traffic.png Graphic file (type png)
<use Rysunki/Rozdzial2/traffic.png>
Package pdftex.def Info: Rysunki/Rozdzial2/traffic.png  used on input line 61.
(pdftex.def)             Requested size: 341.43306pt x 201.86504pt.

Underfull \hbox (badness 10000) in paragraph at lines 72--73

 []

<Rysunki/Rozdzial2/collision_example.png, id=560, 1283.79625pt x 753.81625pt>
File: Rysunki/Rozdzial2/collision_example.png Graphic file (type png)
<use Rysunki/Rozdzial2/collision_example.png>
Package pdftex.def Info: Rysunki/Rozdzial2/collision_example.png  used on input
 line 99.
(pdftex.def)             Requested size: 341.43306pt x 200.4735pt.

LaTeX Warning: `!h' float specifier changed to `!ht'.


Underfull \hbox (badness 10000) in paragraph at lines 106--107

 []



[7 <./Rysunki/Rozdzial2/traffic.png>]
<Rysunki/Rozdzial2/depth_camera_oryginal.png, id=566, 1286.8075pt x 761.84625pt
>
File: Rysunki/Rozdzial2/depth_camera_oryginal.png Graphic file (type png)
<use Rysunki/Rozdzial2/depth_camera_oryginal.png>
Package pdftex.def Info: Rysunki/Rozdzial2/depth_camera_oryginal.png  used on i
nput line 116.
(pdftex.def)             Requested size: 341.43306pt x 202.14404pt.
<Rysunki/Rozdzial2/depth_gray_scale.png, id=567, 1286.8075pt x 761.84625pt>
File: Rysunki/Rozdzial2/depth_gray_scale.png Graphic file (type png)
<use Rysunki/Rozdzial2/depth_gray_scale.png>
Package pdftex.def Info: Rysunki/Rozdzial2/depth_gray_scale.png  used on input 
line 125.
(pdftex.def)             Requested size: 341.43306pt x 202.14404pt.


[8 <./Rysunki/Rozdzial2/collision_example.png> <./Rysunki/Rozdzial2/depth_camer
a_oryginal.png>]
<Rysunki/Rozdzial2/depth_logarytmic.png, id=579, 1286.8075pt x 761.84625pt>
File: Rysunki/Rozdzial2/depth_logarytmic.png Graphic file (type png)
<use Rysunki/Rozdzial2/depth_logarytmic.png>
Package pdftex.def Info: Rysunki/Rozdzial2/depth_logarytmic.png  used on input 
line 133.
(pdftex.def)             Requested size: 341.43306pt x 202.14404pt.
<Rysunki/Rozdzial2/gnss.png, id=580, 217.81375pt x 19.07124pt>
File: Rysunki/Rozdzial2/gnss.png Graphic file (type png)
<use Rysunki/Rozdzial2/gnss.png>
Package pdftex.def Info: Rysunki/Rozdzial2/gnss.png  used on input line 143.
(pdftex.def)             Requested size: 341.43306pt x 29.89503pt.
<Rysunki/Rozdzial2/imu.png, id=581, 214.8025pt x 55.20625pt>
File: Rysunki/Rozdzial2/imu.png Graphic file (type png)
<use Rysunki/Rozdzial2/imu.png>
Package pdftex.def Info: Rysunki/Rozdzial2/imu.png  used on input line 152.
(pdftex.def)             Requested size: 341.43306pt x 87.7598pt.


[9 <./Rysunki/Rozdzial2/depth_gray_scale.png> <./Rysunki/Rozdzial2/depth_logary
tmic.png> <./Rysunki/Rozdzial2/gnss.png>]
<Rysunki/Rozdzial2/crossed_line.png, id=590, 1286.8075pt x 761.84625pt>
File: Rysunki/Rozdzial2/crossed_line.png Graphic file (type png)
<use Rysunki/Rozdzial2/crossed_line.png>
Package pdftex.def Info: Rysunki/Rozdzial2/crossed_line.png  used on input line
 164.
(pdftex.def)             Requested size: 341.43306pt x 202.14404pt.


[10 <./Rysunki/Rozdzial2/imu.png> <./Rysunki/Rozdzial2/crossed_line.png>]
Overfull \hbox (47.53326pt too wide) in paragraph at lines 191--192
\T1/lmr/m/n/12 ªu. Praw-do-po-do-bie«-stwo to de-fi-nio-wa-ne jest przez dwa pa
-ra-me-try: [][]\T1/lmtt/m/n/12 dropoff_zero_intensity[]\T1/lmr/m/n/12 ,
 []


Overfull \hbox (9.76909pt too wide) in paragraph at lines 191--192
[][]\T1/lmtt/m/n/12 dropoff_intensity_limit[]\T1/lmr/m/n/12 , wy-zna-cza-j¡-cy 
próg in-ten-syw-no-±ci, po-wy-»ej któ-re-go punk-
 []


Underfull \hbox (badness 10000) in paragraph at lines 191--192

 []

<Rysunki/Rozdzial2/lidar.png, id=597, 1286.8075pt x 761.84625pt>
File: Rysunki/Rozdzial2/lidar.png Graphic file (type png)
<use Rysunki/Rozdzial2/lidar.png>
Package pdftex.def Info: Rysunki/Rozdzial2/lidar.png  used on input line 197.
(pdftex.def)             Requested size: 426.79135pt x 252.67714pt.

Underfull \vbox (badness 10000) has occurred while \output is active []



[11{c:/texlive/2025/texmf-dist/fonts/enc/dvips/lm/lm-mathit.enc}{c:/texlive/202
5/texmf-dist/fonts/enc/dvips/lm/lm-rm.enc}{c:/texlive/2025/texmf-dist/fonts/enc
/dvips/lm/lm-mathsy.enc}]
<Rysunki/Rozdzial2/obstacle_detector.png, id=610, 214.8025pt x 241.90375pt>
File: Rysunki/Rozdzial2/obstacle_detector.png Graphic file (type png)
<use Rysunki/Rozdzial2/obstacle_detector.png>
Package pdftex.def Info: Rysunki/Rozdzial2/obstacle_detector.png  used on input
 line 206.
(pdftex.def)             Requested size: 170.71652pt x 192.25719pt.


[12 <./Rysunki/Rozdzial2/lidar.png> <./Rysunki/Rozdzial2/obstacle_detector.png>
]
<Rysunki/Rozdzial2/radar_sensor.png, id=617, 1286.8075pt x 761.84625pt>
File: Rysunki/Rozdzial2/radar_sensor.png Graphic file (type png)
<use Rysunki/Rozdzial2/radar_sensor.png>
Package pdftex.def Info: Rysunki/Rozdzial2/radar_sensor.png  used on input line
 215.
(pdftex.def)             Requested size: 426.79135pt x 252.67714pt.
<Rysunki/Rozdzial2/soft_rain_sunset.png, id=618, 1286.8075pt x 761.84625pt>
File: Rysunki/Rozdzial2/soft_rain_sunset.png Graphic file (type png)
<use Rysunki/Rozdzial2/soft_rain_sunset.png>
Package pdftex.def Info: Rysunki/Rozdzial2/soft_rain_sunset.png  used on input 
line 241.
(pdftex.def)             Requested size: 426.79135pt x 252.67714pt.

Underfull \vbox (badness 10000) has occurred while \output is active []



[13 <./Rysunki/Rozdzial2/radar_sensor.png>]
<Rysunki/Rozdzial2/cloudy_night.png, id=631, 1286.8075pt x 761.84625pt>
File: Rysunki/Rozdzial2/cloudy_night.png Graphic file (type png)
<use Rysunki/Rozdzial2/cloudy_night.png>
Package pdftex.def Info: Rysunki/Rozdzial2/cloudy_night.png  used on input line
 255.
(pdftex.def)             Requested size: 341.43306pt x 202.14404pt.


[14 <./Rysunki/Rozdzial2/soft_rain_sunset.png> <./Rysunki/Rozdzial2/cloudy_nigh
t.png>]
<Rysunki/Rozdzial2/hard_rain_noon.png, id=640, 1286.8075pt x 761.84625pt>
File: Rysunki/Rozdzial2/hard_rain_noon.png Graphic file (type png)
<use Rysunki/Rozdzial2/hard_rain_noon.png>
Package pdftex.def Info: Rysunki/Rozdzial2/hard_rain_noon.png  used on input li
ne 269.
(pdftex.def)             Requested size: 341.43306pt x 202.14404pt.
<Rysunki/Rozdzial2/street_lights.png, id=641, 1286.8075pt x 761.84625pt>
File: Rysunki/Rozdzial2/street_lights.png Graphic file (type png)
<use Rysunki/Rozdzial2/street_lights.png>
Package pdftex.def Info: Rysunki/Rozdzial2/street_lights.png  used on input lin
e 283.
(pdftex.def)             Requested size: 341.43306pt x 202.14404pt.


[15 <./Rysunki/Rozdzial2/hard_rain_noon.png> <./Rysunki/Rozdzial2/street_lights
.png>]
Overfull \hbox (20.46347pt too wide) in paragraph at lines 295--296
\T1/lmr/m/n/12 po-mo-c¡ me-tod [][]\T1/lmtt/m/n/12 carla.Vehicle.get_light_stat
e []\T1/lmr/m/n/12 i [][]\T1/lmtt/m/n/12 carla.Vehicle.set_light_state[]\T1/lmr
/m/n/12 .
 []

<Rysunki/Rozdzial2/vehicle_lights.png, id=650, 1286.8075pt x 761.84625pt>
File: Rysunki/Rozdzial2/vehicle_lights.png Graphic file (type png)
<use Rysunki/Rozdzial2/vehicle_lights.png>
Package pdftex.def Info: Rysunki/Rozdzial2/vehicle_lights.png  used on input li
ne 299.
(pdftex.def)             Requested size: 341.43306pt x 202.14404pt.


[16 <./Rysunki/Rozdzial2/vehicle_lights.png>]
Overfull \hbox (11.04622pt too wide) in paragraph at lines 347--348
[]\T1/lmtt/m/n/12 location\T1/lmr/m/n/12 : Okre-±la prze-su-ni¦-cie ±rod-ka geo
-me-trycz-ne-go pro-sto-pa-dªo-±cia-nu wzgl¦-
 []



[17]
Overfull \hbox (5.56734pt too wide) in paragraph at lines 379--380
\T1/lmr/m/n/12 we-wn¦trz-nych), któ-ra za-le-»y od roz-dziel-czo-±ci ob-ra-zu o
raz k¡-ta wi-dze-nia (FOV). 
 []



[18{c:/texlive/2025/texmf-dist/fonts/enc/dvips/lm/lm-mathex.enc}]

[19]

[20]

[21]
LaTeX Font Info:    Font shape `T1/lmtt/bx/n' in size <14.4> not available
(Font)              Font shape `T1/lmtt/b/n' tried instead on input line 515.
<Rysunki/Rozdzial2/diagram_manual_control.png, id=729, 1027.84pt x 1541.76pt>
File: Rysunki/Rozdzial2/diagram_manual_control.png Graphic file (type png)
<use Rysunki/Rozdzial2/diagram_manual_control.png>
Package pdftex.def Info: Rysunki/Rozdzial2/diagram_manual_control.png  used on 
input line 520.
(pdftex.def)             Requested size: 298.75264pt x 448.13406pt.


[22 <./Rysunki/Rozdzial2/diagram_manual_control.png (PNG copy)>]
(c:/texlive/2025/texmf-dist/tex/latex/listings/lstlang1.sty
File: lstlang1.sty 2024/09/23 1.10c listings language file
)
LaTeX Font Info:    Font shape `T1/lmtt/bx/n' in size <10> not available
(Font)              Font shape `T1/lmtt/b/n' tried instead on input line 546.


[23]
Overfull \hbox (4.59058pt too wide) in paragraph at lines 569--573
[]\T1/lmr/bx/n/12 Inicjalizacja kom-po-nen-tów\T1/lmr/m/n/12 : two-rze-ni s¡ kl
ient CAR-LA, obiekt ±wia-ta [][]\T1/lmtt/m/n/12 world[]\T1/lmr/m/n/12 ,
 []


Overfull \hbox (7.09975pt too wide) in paragraph at lines 578--583
[]\T1/lmr/bx/n/12 Przetwarzanie wej-±cia u»yt-kow-ni-ka\T1/lmr/m/n/12 : funk-cj
a [][]\T1/lmtt/m/n/12 parse_control_input(keys)
 []


Overfull \hbox (0.57497pt too wide) in paragraph at lines 604--605
[]\T1/lmr/m/n/12 W po-cz¡t-ko-wej fa-zie prze-pro-wa-dza-nych eks-pe-ry-men-tów
 tryb asyn-chro-nicz-ny oka-
 []



[24]

[25]
Overfull \hbox (22.70657pt too wide) in paragraph at lines 653--654
\T1/lmr/m/n/12 CAR-LA jest ste-ro-wa-nie przy po-mo-cy kla-wia-tu-ry. W tym ce-
lu skrypt \T1/lmtt/m/n/12 manual_control.py
 []


Overfull \hbox (4.2219pt too wide) in paragraph at lines 678--679
\T1/lmr/m/n/12 wu-je pa-ra-me-try ste-ru-j¡-ce po-jaz-dem, ta-kie jak [][]\T1/l
mtt/m/n/12 throttle []\T1/lmr/m/n/12 (przy-spie-sze-nie), [][]\T1/lmtt/m/n/12 b
rake
 []



[26]) (./Rozdzial3/rozdzial3.tex

[27]
Rozdzia\PlPrIeC {\l } 3.
<Rysunki/Rozdzial3/RCNN.png, id=811, 846.16125pt x 585.18625pt>
File: Rysunki/Rozdzial3/RCNN.png Graphic file (type png)
<use Rysunki/Rozdzial3/RCNN.png>
Package pdftex.def Info: Rysunki/Rozdzial3/RCNN.png  used on input line 12.
(pdftex.def)             Requested size: 341.43306pt x 236.12407pt.


[28

 <./Rysunki/Rozdzial3/RCNN.png>]
<Rysunki/Rozdzial3/fastRCNN.png, id=819, 528.47438pt x 211.54031pt>
File: Rysunki/Rozdzial3/fastRCNN.png Graphic file (type png)
<use Rysunki/Rozdzial3/fastRCNN.png>
Package pdftex.def Info: Rysunki/Rozdzial3/fastRCNN.png  used on input line 30.

(pdftex.def)             Requested size: 341.43306pt x 136.67pt.


[29 <./Rysunki/Rozdzial3/fastRCNN.png>]
<Rysunki/Rozdzial3/fasterRCNN2.png, id=830, 932.48375pt x 793.96625pt>
File: Rysunki/Rozdzial3/fasterRCNN2.png Graphic file (type png)
<use Rysunki/Rozdzial3/fasterRCNN2.png>
Package pdftex.def Info: Rysunki/Rozdzial3/fasterRCNN2.png  used on input line 
41.
(pdftex.def)             Requested size: 341.43306pt x 290.70995pt.
<Rysunki/Rozdzial3/ssd_architecture.png, id=831, 1104.125pt x 350.30875pt>
File: Rysunki/Rozdzial3/ssd_architecture.png Graphic file (type png)
<use Rysunki/Rozdzial3/ssd_architecture.png>
Package pdftex.def Info: Rysunki/Rozdzial3/ssd_architecture.png  used on input 
line 50.
(pdftex.def)             Requested size: 341.43306pt x 108.32732pt.


[30 <./Rysunki/Rozdzial3/fasterRCNN2.png> <./Rysunki/Rozdzial3/ssd_architecture
.png>]
Overfull \hbox (3.20114pt too wide) in paragraph at lines 73--74
[]\T1/lmr/bx/n/12 DETR (De-tec-tion Trans-for-mer) \T1/lmr/m/n/12 to no-wo-cze-
sna ar-chi-tek-tu-ra de-tek-cji obiek-
 []


Overfull \hbox (3.48665pt too wide) in paragraph at lines 76--77
[]\T1/lmr/m/n/12 Poni»sza ta-be-la przed-sta-wia \T1/lmr/bx/n/12 po-rów-na-nie 
omó-wio-nych ar-chi-tek-tur \T1/lmr/m/n/12 pod wzgl¦-
 []



[31]
<Rysunki/Rozdzial3/cnn_structure.png, id=846, 585.18625pt x 205.76875pt>
File: Rysunki/Rozdzial3/cnn_structure.png Graphic file (type png)
<use Rysunki/Rozdzial3/cnn_structure.png>
Package pdftex.def Info: Rysunki/Rozdzial3/cnn_structure.png  used on input lin
e 115.
(pdftex.def)             Requested size: 341.43306pt x 120.06181pt.


[32 <./Rysunki/Rozdzial3/cnn_structure.png>]

[33]

[34]
Overfull \hbox (0.84488pt too wide) in paragraph at lines 175--176
\T1/lmr/m/n/12 ba-da-nia nad au-to-no-micz-n¡ jaz-d¡, gdzie ko-niecz-ne jest ni
e-za-wod-ne wy-kry-wa-nie obiek-
 []



[35]
Overfull \hbox (17.16772pt too wide) in paragraph at lines 191--192
[]\T1/lmr/bx/n/12 CSPDarknet53 \T1/lmr/m/n/12 - no-wo-cze-sna sie¢, któ-ra sta-
no-wi pod-sta-w¦ (back-bo-ne) YOLOv4. 
 []

<Rysunki/Rozdzial3/yolov4_architecture.png, id=923, 833.1125pt x 243.91125pt>
File: Rysunki/Rozdzial3/yolov4_architecture.png Graphic file (type png)
<use Rysunki/Rozdzial3/yolov4_architecture.png>
Package pdftex.def Info: Rysunki/Rozdzial3/yolov4_architecture.png  used on inp
ut line 197.
(pdftex.def)             Requested size: 341.43306pt x 99.96332pt.


[36 <./Rysunki/Rozdzial3/yolov4_architecture.png>]

[37]

[38]
<Rysunki/Rozdzial3/yolo_test.png, id=961, 822.07124pt x 458.71375pt>
File: Rysunki/Rozdzial3/yolo_test.png Graphic file (type png)
<use Rysunki/Rozdzial3/yolo_test.png>
Package pdftex.def Info: Rysunki/Rozdzial3/yolo_test.png  used on input line 30
1.
(pdftex.def)             Requested size: 341.43306pt x 190.51665pt.


[39 <./Rysunki/Rozdzial3/yolo_test.png>]

[40]) (./Rozdzial4/rozdzial4.tex

[41]
Rozdzia\PlPrIeC {\l } 4.
<Rysunki/Rozdzial4/sun10car20ppl1.png, id=1002, 1197.47375pt x 676.5275pt>
File: Rysunki/Rozdzial4/sun10car20ppl1.png Graphic file (type png)
<use Rysunki/Rozdzial4/sun10car20ppl1.png>
Package pdftex.def Info: Rysunki/Rozdzial4/sun10car20ppl1.png  used on input li
ne 22.
(pdftex.def)             Requested size: 341.43306pt x 192.89491pt.


[42

]
<Rysunki/Rozdzial4/night20car40ppl2.png, id=1008, 1196.47pt x 672.5125pt>
File: Rysunki/Rozdzial4/night20car40ppl2.png Graphic file (type png)
<use Rysunki/Rozdzial4/night20car40ppl2.png>
Package pdftex.def Info: Rysunki/Rozdzial4/night20car40ppl2.png  used on input 
line 30.
(pdftex.def)             Requested size: 341.43306pt x 191.91432pt.
<Rysunki/Rozdzial4/rainsun10car20ppl3.png, id=1009, 1201.48875pt x 676.5275pt>
File: Rysunki/Rozdzial4/rainsun10car20ppl3.png Graphic file (type png)
<use Rysunki/Rozdzial4/rainsun10car20ppl3.png>
Package pdftex.def Info: Rysunki/Rozdzial4/rainsun10car20ppl3.png  used on inpu
t line 38.
(pdftex.def)             Requested size: 341.43306pt x 192.2549pt.

Underfull \vbox (badness 10000) has occurred while \output is active []



[43 <./Rysunki/Rozdzial4/sun10car20ppl1.png> <./Rysunki/Rozdzial4/night20car40p
pl2.png>]

[44 <./Rysunki/Rozdzial4/rainsun10car20ppl3.png>]

LaTeX Warning: `h' float specifier changed to `ht'.


Underfull \vbox (badness 10000) has occurred while \output is active []



[45]

[46]
Overfull \hbox (22.4566pt too wide) in paragraph at lines 215--216
[]\T1/lmr/m/n/12 Wszystkie po-wy»-sze funk-cje zo-sta-ªy zin-te-gro-wa-ne w gªó
w-nej p¦-tli gry \T1/lmtt/m/n/12 game_loop()\T1/lmr/m/n/12 ,
 []



[47]

[48]

[49]
<Rysunki/Rozdzial4/town_03_cars_200_clear_noon_d75_scen_01.png, id=1075, 1284.8
pt x 722.7pt>
File: Rysunki/Rozdzial4/town_03_cars_200_clear_noon_d75_scen_01.png Graphic fil
e (type png)
<use Rysunki/Rozdzial4/town_03_cars_200_clear_noon_d75_scen_01.png>
Package pdftex.def Info: Rysunki/Rozdzial4/town_03_cars_200_clear_noon_d75_scen
_01.png  used on input line 310.
(pdftex.def)             Requested size: 341.43306pt x 192.05493pt.
<Rysunki/Rozdzial4/town_03_cars_200_rainy_night_d75_scen_01.png, id=1076, 1284.
8pt x 722.7pt>
File: Rysunki/Rozdzial4/town_03_cars_200_rainy_night_d75_scen_01.png Graphic fi
le (type png)
<use Rysunki/Rozdzial4/town_03_cars_200_rainy_night_d75_scen_01.png>
Package pdftex.def Info: Rysunki/Rozdzial4/town_03_cars_200_rainy_night_d75_sce
n_01.png  used on input line 317.
(pdftex.def)             Requested size: 341.43306pt x 192.05493pt.

Underfull \vbox (badness 10000) has occurred while \output is active []



[50 <./Rysunki/Rozdzial4/town_03_cars_200_clear_noon_d75_scen_01.png>]
<Rysunki/Rozdzial4/town_04_cars_200_hard_rain_noon_d75_scen_01.png, id=1083, 12
84.8pt x 722.7pt>
File: Rysunki/Rozdzial4/town_04_cars_200_hard_rain_noon_d75_scen_01.png Graphic
 file (type png)
<use Rysunki/Rozdzial4/town_04_cars_200_hard_rain_noon_d75_scen_01.png>
Package pdftex.def Info: Rysunki/Rozdzial4/town_04_cars_200_hard_rain_noon_d75_
scen_01.png  used on input line 342.
(pdftex.def)             Requested size: 341.43306pt x 192.05493pt.
<Rysunki/Rozdzial4/town_04_cars_200_clear_night_d75_scen_01.png, id=1084, 1284.
8pt x 722.7pt>
File: Rysunki/Rozdzial4/town_04_cars_200_clear_night_d75_scen_01.png Graphic fi
le (type png)
<use Rysunki/Rozdzial4/town_04_cars_200_clear_night_d75_scen_01.png>
Package pdftex.def Info: Rysunki/Rozdzial4/town_04_cars_200_clear_night_d75_sce
n_01.png  used on input line 349.
(pdftex.def)             Requested size: 341.43306pt x 192.05493pt.


[51 <./Rysunki/Rozdzial4/town_03_cars_200_rainy_night_d75_scen_01.png> <./Rysun
ki/Rozdzial4/town_04_cars_200_hard_rain_noon_d75_scen_01.png>]
Overfull \hbox (13.46614pt too wide) in paragraph at lines 360--361
\T1/lmr/m/n/12 do-wym wczy-tu-je za-pi-sa-ne wcze-±niej ob-ra-zy i prze-twa-rza
 je za po-mo-c¡ mo-de-lu YOLOv4.
 []


Underfull \vbox (badness 10000) has occurred while \output is active []



[52 <./Rysunki/Rozdzial4/town_04_cars_200_clear_night_d75_scen_01.png>]
<Rysunki/Rozdzial4/town03_clear_night_carla.png, id=1098, 1284.8pt x 722.7pt>
File: Rysunki/Rozdzial4/town03_clear_night_carla.png Graphic file (type png)
<use Rysunki/Rozdzial4/town03_clear_night_carla.png>
Package pdftex.def Info: Rysunki/Rozdzial4/town03_clear_night_carla.png  used o
n input line 410.
(pdftex.def)             Requested size: 341.43306pt x 192.05493pt.
<Rysunki/Rozdzial4/town03_clear_night_yolo.png, id=1099, 1284.8pt x 722.7pt>
File: Rysunki/Rozdzial4/town03_clear_night_yolo.png Graphic file (type png)
<use Rysunki/Rozdzial4/town03_clear_night_yolo.png>
Package pdftex.def Info: Rysunki/Rozdzial4/town03_clear_night_yolo.png  used on
 input line 417.
(pdftex.def)             Requested size: 341.43306pt x 192.05493pt.

Underfull \vbox (badness 7468) has occurred while \output is active []



[53 <./Rysunki/Rozdzial4/town03_clear_night_carla.png (PNG copy)>]
<Rysunki/Rozdzial4/town03_hard_rain_noon_carla.png, id=1104, 1284.8pt x 722.7pt
>
File: Rysunki/Rozdzial4/town03_hard_rain_noon_carla.png Graphic file (type png)

<use Rysunki/Rozdzial4/town03_hard_rain_noon_carla.png>
Package pdftex.def Info: Rysunki/Rozdzial4/town03_hard_rain_noon_carla.png  use
d on input line 426.
(pdftex.def)             Requested size: 341.43306pt x 192.05493pt.
<Rysunki/Rozdzial4/town03_hard_rain_noon_yolo.png, id=1105, 1284.8pt x 722.7pt>

File: Rysunki/Rozdzial4/town03_hard_rain_noon_yolo.png Graphic file (type png)
<use Rysunki/Rozdzial4/town03_hard_rain_noon_yolo.png>
Package pdftex.def Info: Rysunki/Rozdzial4/town03_hard_rain_noon_yolo.png  used
 on input line 433.
(pdftex.def)             Requested size: 341.43306pt x 192.05493pt.

Underfull \vbox (badness 10000) has occurred while \output is active []



[54 <./Rysunki/Rozdzial4/town03_clear_night_yolo.png (PNG copy)> <./Rysunki/Roz
dzial4/town03_hard_rain_noon_carla.png (PNG copy)>]
LaTeX Font Info:    Font shape `T1/lmtt/bx/n' in size <12> not available
(Font)              Font shape `T1/lmtt/b/n' tried instead on input line 447.


[55 <./Rysunki/Rozdzial4/town03_hard_rain_noon_yolo.png (PNG copy)>]

[56]) (./Rozdzial5/rozdzial5.tex

[57]

[58]
Rozdzia\PlPrIeC {\l } 5.

Overfull \hbox (5.82852pt too wide) in paragraph at lines 18--19
[]\T1/lmr/m/n/12 Przeprowadzone eks-pe-ry-men-ty wy-ka-za-ªy, »e mo-del YOLOv4 
bar-dzo do-brze spraw-
 []



[59

]
Overfull \hbox (1.52234pt too wide) in paragraph at lines 51--52
[]\T1/lmr/m/n/12 Wyniki te-sto-wa-ne-go sys-te-mu zo-sta-ªy przed-sta-wio-ne na
 pod-sta-wie zrzu-tów ekra-
 []



[60]) (./praca.bbl

[61]

[62

])

[63] (./praca.aux)
 ***********
LaTeX2e <2024-11-01> patch level 2
L3 programming layer <2025-01-18>
 ***********


LaTeX Warning: There were multiply-defined labels.

Package rerunfilecheck Info: File `praca.out' has not changed.
(rerunfilecheck)             Checksum: E0262CCAA592BAE19E587B6083A9671E;13713.
 ) 
Here is how much of TeX's memory you used:
 26228 strings out of 473190
 466670 string characters out of 5719980
 1285762 words of memory out of 5000000
 48532 multiletter control sequences out of 15000+600000
 626239 words of font info for 81 fonts, out of 8000000 for 9000
 1141 hyphenation exceptions out of 8191
 115i,14n,110p,2379b,2174s stack positions out of 10000i,1000n,20000p,200000b,200000s
<c:/texlive/2025/texmf-dist/fonts/type1/public/lm/lmbx10.pfb><c:/texlive/2025
/texmf-dist/fonts/type1/public/lm/lmbx12.pfb><c:/texlive/2025/texmf-dist/fonts/
type1/public/lm/lmex10.pfb><c:/texlive/2025/texmf-dist/fonts/type1/public/lm/lm
mi12.pfb><c:/texlive/2025/texmf-dist/fonts/type1/public/lm/lmmi8.pfb><c:/texliv
e/2025/texmf-dist/fonts/type1/public/lm/lmr10.pfb><c:/texlive/2025/texmf-dist/f
onts/type1/public/lm/lmr12.pfb><c:/texlive/2025/texmf-dist/fonts/type1/public/l
m/lmr6.pfb><c:/texlive/2025/texmf-dist/fonts/type1/public/lm/lmr8.pfb><c:/texli
ve/2025/texmf-dist/fonts/type1/public/lm/lmri10.pfb><c:/texlive/2025/texmf-dist
/fonts/type1/public/lm/lmri12.pfb><c:/texlive/2025/texmf-dist/fonts/type1/publi
c/lm/lmsy10.pfb><c:/texlive/2025/texmf-dist/fonts/type1/public/lm/lmsy8.pfb><c:
/texlive/2025/texmf-dist/fonts/type1/public/lm/lmtk10.pfb><c:/texlive/2025/texm
f-dist/fonts/type1/public/lm/lmtt10.pfb><c:/texlive/2025/texmf-dist/fonts/type1
/public/lm/lmtt12.pfb><c:/texlive/2025/texmf-dist/fonts/type1/public/lm/lmtt8.p
fb><c:/texlive/2025/texmf-dist/fonts/type1/public/lm/lmtti10.pfb>
Output written on praca.pdf (73 pages, 30856581 bytes).
PDF statistics:
 1422 PDF objects out of 1440 (max. 8388607)
 1222 compressed objects within 13 object streams
 479 named destinations out of 1000 (max. 500000)
 634 words of extra memory for PDF output out of 10000 (max. 10000000)

