\BOOKMARK [0][-]{chapter.1}{\376\377\000W\000s\000t\001\031\000p}{}% 1
\BOOKMARK [1][-]{section.1.1}{\376\377\000W\000p\000r\000o\000w\000a\000d\000z\000e\000n\000i\000e}{chapter.1}% 2
\BOOKMARK [1][-]{section.1.2}{\376\377\000C\000e\000l\000\040\000i\000\040\000z\000a\000k\000r\000e\000s\000\040\000p\000r\000a\000c\000y}{chapter.1}% 3
\BOOKMARK [1][-]{section.1.3}{\376\377\000S\000t\000r\000u\000k\000t\000u\000r\000a\000\040\000p\000r\000a\000c\000y}{chapter.1}% 4
\BOOKMARK [0][-]{chapter.2}{\376\377\000S\000y\000m\000u\000l\000a\000t\000o\000r\000\040\000C\000a\000r\000l\000a}{}% 5
\BOOKMARK [1][-]{section.2.1}{\376\377\000A\000r\000c\000h\000i\000t\000e\000k\000t\000u\000r\000a\000\040\000s\000y\000s\000t\000e\000m\000u\000\040\000C\000a\000r\000l\000a}{chapter.2}% 6
\BOOKMARK [1][-]{section.2.2}{\376\377\000M\000o\001\174\000l\000i\000w\000o\001\133\000c\000i\000\040\000s\000y\000m\000u\000l\000a\000t\000o\000r\000a}{chapter.2}% 7
\BOOKMARK [2][-]{subsection.2.2.1}{\376\377\001\132\000w\000i\000a\000t}{section.2.2}% 8
\BOOKMARK [2][-]{subsection.2.2.2}{\376\377\000S\000e\000n\000s\000o\000r\000y}{section.2.2}% 9
\BOOKMARK [2][-]{subsection.2.2.3}{\376\377\000P\000o\000g\000o\000d\000a}{section.2.2}% 10
\BOOKMARK [2][-]{subsection.2.2.4}{\376\377\000O\001\133\000w\000i\000e\000t\000l\000e\000n\000i\000e}{section.2.2}% 11
\BOOKMARK [2][-]{subsection.2.2.5}{\376\377\000W\000s\000p\000\363\001\102\000r\000z\001\031\000d\000n\000e\000\040\000i\000\040\000j\000e\000d\000n\000o\000s\000t\000k\000i\000\040\000m\000i\000a\000r\000y}{section.2.2}% 12
\BOOKMARK [1][-]{section.2.3}{\376\377\000I\000n\000s\000t\000a\000l\000a\000c\000j\000a\000\040\000s\000y\000m\000u\000l\000a\000t\000o\000r\000a\000\040\000C\000a\000r\000l\000a}{chapter.2}% 13
\BOOKMARK [2][-]{subsection.2.3.1}{\376\377\000W\000y\000m\000a\000g\000a\000n\000i\000a\000\040\000s\000p\000r\000z\001\031\000t\000o\000w\000e}{section.2.3}% 14
\BOOKMARK [2][-]{subsection.2.3.2}{\376\377\000I\000n\000s\000t\000a\000l\000a\000c\000j\000a\000\040\000i\000\040\000k\000o\000n\000f\000i\000g\000u\000r\000a\000c\000j\000a\000\040\000d\000l\000a\000\040\000s\000y\000s\000t\000e\000m\000u\000\040\000U\000b\000u\000n\000t\000u}{section.2.3}% 15
\BOOKMARK [2][-]{subsection.2.3.3}{\376\377\000I\000n\000s\000t\000a\000l\000a\000c\000j\000a\000\040\000U\000n\000r\000e\000a\000l\000\040\000E\000n\000g\000i\000n\000e}{section.2.3}% 16
\BOOKMARK [2][-]{subsection.2.3.4}{\376\377\000P\000o\000b\000r\000a\000n\000i\000e\000\040\001\172\000r\000\363\000d\000e\001\102\000\040\000C\000A\000R\000L\000A\000\040\000i\000\040\000k\000o\000m\000p\000i\000l\000a\000c\000j\000a}{section.2.3}% 17
\BOOKMARK [2][-]{subsection.2.3.5}{\376\377\000U\000r\000u\000c\000h\000o\000m\000i\000e\000n\000i\000e\000\040\000s\000y\000m\000u\000l\000a\000t\000o\000r\000a\000\040\000C\000A\000R\000L\000A}{section.2.3}% 18
\BOOKMARK [1][-]{section.2.4}{\376\377\000S\000k\000r\000y\000p\000t\000\040\000d\000o\000\040\000m\000a\000n\000u\000a\000l\000n\000e\000g\000o\000\040\000s\000t\000e\000r\000o\000w\000a\000n\000i\000a\000\040\000w\000\040\000s\000y\000m\000u\000l\000a\000t\000o\000r\000z\000e\000\040\000C\000A\000R\000L\000A}{chapter.2}% 19
\BOOKMARK [2][-]{subsection.2.4.1}{\376\377\000S\000t\000r\000u\000k\000t\000u\000r\000a\000\040\000s\000k\000r\000y\000p\000t\000u}{section.2.4}% 20
\BOOKMARK [2][-]{subsection.2.4.2}{\376\377\000L\000o\000g\000i\000k\000a\000\040\000d\000z\000i\000a\001\102\000a\000n\000i\000a\000\040\000p\000l\000i\000k\000u\000\040\000m\000a\000n\000u\000a\000l\000\137\000c\000o\000n\000t\000r\000o\000l\000.\000p\000y}{section.2.4}% 21
\BOOKMARK [2][-]{subsection.2.4.3}{\376\377\000P\001\031\000t\000l\000a\000\040\000g\000r\000y\000\040\000\050\000G\000a\000m\000e\000\040\000L\000o\000o\000p\000\051}{section.2.4}% 22
\BOOKMARK [2][-]{subsection.2.4.4}{\376\377\000T\000r\000y\000b\000\040\000a\000s\000y\000n\000c\000h\000r\000o\000n\000i\000c\000z\000n\000y\000\040\000i\000\040\000s\000y\000n\000c\000h\000r\000o\000n\000i\000c\000z\000n\000y}{section.2.4}% 23
\BOOKMARK [2][-]{subsection.2.4.5}{\376\377\000I\000m\000p\000l\000e\000m\000e\000n\000t\000a\000c\000j\000a\000\040\000s\000y\000n\000c\000h\000r\000o\000n\000i\000z\000a\000c\000j\000i\000\040\000w\000\040\000m\000a\000n\000u\000a\000l\000\137\000c\000o\000n\000t\000r\000o\000l\000.\000p\000y}{section.2.4}% 24
\BOOKMARK [2][-]{subsection.2.4.6}{\376\377\000A\000n\000a\000l\000i\000z\000a\000\040\000p\001\031\000t\000l\000i\000\040\000g\001\102\000\363\000w\000n\000e\000j\000\040\000g\000a\000m\000e\000\137\000l\000o\000o\000p\000\050\000\051}{section.2.4}% 25
\BOOKMARK [2][-]{subsection.2.4.7}{\376\377\000Z\000n\000a\000c\000z\000e\000n\000i\000e\000\040\000d\000l\000a\000\040\000i\000n\000t\000e\000g\000r\000a\000c\000j\000i\000\040\000z\000\040\000a\000l\000g\000o\000r\000y\000t\000m\000a\000m\000i\000\040\000z\000e\000w\000n\001\031\000t\000r\000z\000n\000y\000m\000i}{section.2.4}% 26
\BOOKMARK [2][-]{subsection.2.4.8}{\376\377\000S\000t\000e\000r\000o\000w\000a\000n\000i\000e\000\040\000p\000o\000j\000a\000z\000d\000e\000m\000\040\000z\000\040\000p\000o\000z\000i\000o\000m\000u\000\040\000k\000l\000a\000w\000i\000a\000t\000u\000r\000y}{section.2.4}% 27
\BOOKMARK [2][-]{subsection.2.4.9}{\376\377\000P\001\031\000t\000l\000a\000\040\000g\000r\000y\000\040\000-\000\040\000G\000a\000m\000e\000\040\000L\000o\000o\000p}{section.2.4}% 28
\BOOKMARK [2][-]{subsection.2.4.10}{\376\377\000S\000t\000e\000r\000o\000w\000a\000n\000i\000e\000\040\000p\000o\000j\000a\000z\000d\000e\000m\000\040\000z\000a\000\040\000p\000o\000m\000o\000c\001\005\000\040\000k\000l\000a\000w\000i\000a\000t\000u\000r\000y}{section.2.4}% 29
\BOOKMARK [2][-]{subsection.2.4.11}{\376\377\000C\000z\000y\000s\000z\000c\000z\000e\000n\000i\000e\000\040\000z\000a\000s\000o\000b\000\363\000w\000\040\000\050\000C\000l\000e\000a\000n\000u\000p\000\051}{section.2.4}% 30
\BOOKMARK [0][-]{chapter.3}{\376\377\000S\000y\000s\000t\000e\000m\000\040\000r\000o\000z\000p\000o\000z\000n\000a\000w\000a\000n\000i\000a\000\040\000o\000b\000r\000a\000z\000\363\000w}{}% 31
\BOOKMARK [1][-]{section.3.1}{\376\377\000Y\000O\000L\000O\000v\0004\000\040\000i\000\040\000k\000o\000n\000w\000o\000l\000u\000c\000y\000j\000n\000e\000\040\000s\000i\000e\000c\000i\000\040\000n\000e\000u\000r\000o\000n\000o\000w\000e}{chapter.3}% 32
\BOOKMARK [2][-]{subsection.3.1.1}{\376\377\000K\000o\000n\000w\000o\000l\000u\000c\000y\000j\000n\000e\000\040\000s\000i\000e\000c\000i\000\040\000n\000e\000u\000r\000o\000n\000o\000w\000e\000\040\000\050\000C\000N\000N\000\051}{section.3.1}% 33
\BOOKMARK [1][-]{section.3.2}{\376\377\000Z\000a\000s\000a\000d\000a\000\040\000d\000z\000i\000a\001\102\000a\000n\000i\000a\000\040\000a\000l\000g\000o\000r\000y\000t\000m\000u\000\040\000Y\000O\000L\000O\000\040\000i\000\040\000Y\000O\000L\000O\000v\0004}{chapter.3}% 34
\BOOKMARK [1][-]{section.3.3}{\376\377\000Z\000a\000s\000a\000d\000a\000\040\000d\000z\000i\000a\001\102\000a\000n\000i\000a\000\040\000a\000l\000g\000o\000r\000y\000t\000m\000u\000\040\000Y\000O\000L\000O\000\040\000i\000\040\000Y\000O\000L\000O\000v\0004}{chapter.3}% 35
\BOOKMARK [2][-]{subsection.3.3.1}{\376\377\000E\000t\000a\000p\000\040\0001\000:\000\040\000P\000o\000d\000z\000i\000a\001\102\000\040\000o\000b\000r\000a\000z\000u\000\040\000n\000a\000\040\000s\000i\000a\000t\000k\001\031\000\040\000d\000e\000t\000e\000k\000c\000y\000j\000n\001\005}{section.3.3}% 36
\BOOKMARK [2][-]{subsection.3.3.2}{\376\377\000E\000t\000a\000p\000\040\0002\000:\000\040\000P\000r\000e\000d\000y\000k\000c\000j\000a\000\040\000a\000t\000r\000y\000b\000u\000t\000\363\000w\000\040\000o\000b\000i\000e\000k\000t\000\363\000w}{section.3.3}% 37
\BOOKMARK [2][-]{subsection.3.3.3}{\376\377\000E\000t\000a\000p\000\040\0003\000:\000\040\000P\000r\000z\000e\000t\000w\000a\000r\000z\000a\000n\000i\000e\000\040\000d\000a\000n\000y\000c\000h\000\040\000p\000r\000z\000e\000z\000\040\000s\000i\000e\001\007\000\040\000n\000e\000u\000r\000o\000n\000o\000w\001\005}{section.3.3}% 38
\BOOKMARK [2][-]{subsection.3.3.4}{\376\377\000E\000t\000a\000p\000\040\0004\000:\000\040\000D\000e\000t\000e\000k\000c\000j\000a\000\040\000n\000a\000\040\000w\000i\000e\000l\000u\000\040\000s\000k\000a\000l\000a\000c\000h}{section.3.3}% 39
\BOOKMARK [2][-]{subsection.3.3.5}{\376\377\000E\000t\000a\000p\000\040\0005\000:\000\040\000F\000i\000l\000t\000r\000o\000w\000a\000n\000i\000e\000\040\000w\000y\000n\000i\000k\000\363\000w\000\040\040\024\000\040\000N\000o\000n\000-\000M\000a\000x\000i\000m\000u\000m\000\040\000S\000u\000p\000p\000r\000e\000s\000s\000i\000o\000n}{section.3.3}% 40
\BOOKMARK [2][-]{subsection.3.3.6}{\376\377\000Z\000a\000s\000t\000o\000s\000o\000w\000a\000n\000i\000a\000\040\000Y\000O\000L\000O\000v\0004}{section.3.3}% 41
\BOOKMARK [1][-]{section.3.4}{\376\377\000Z\000a\000s\000a\000d\000a\000\040\000d\000z\000i\000a\001\102\000a\000n\000i\000a\000\040\000a\000l\000g\000o\000r\000y\000t\000m\000u\000\040\000Y\000O\000L\000O\000v\0004}{chapter.3}% 42
\BOOKMARK [2][-]{subsection.3.4.1}{\376\377\000A\000r\000c\000h\000i\000t\000e\000k\000t\000u\000r\000a\000\040\000Y\000O\000L\000O\000v\0004}{section.3.4}% 43
\BOOKMARK [1][-]{section.3.5}{\376\377\000Z\000a\000l\000e\000t\000y\000,\000\040\000w\000y\000d\000a\000j\000n\000o\001\133\001\007\000\040\000i\000\040\000z\000a\000s\000t\000o\000s\000o\000w\000a\000n\000i\000a\000\040\000a\000l\000g\000o\000r\000y\000t\000m\000u\000\040\000Y\000O\000L\000O\000v\0004}{chapter.3}% 44
\BOOKMARK [1][-]{section.3.6}{\376\377\000I\000n\000s\000t\000a\000l\000a\000c\000j\000a\000\040\000s\000y\000s\000t\000e\000m\000u\000\040\000Y\000O\000L\000O}{chapter.3}% 45
\BOOKMARK [2][-]{subsection.3.6.1}{\376\377\000T\000e\000s\000t\000o\000w\000a\000n\000i\000e\000\040\000i\000n\000s\000t\000a\000l\000a\000c\000j\000i}{section.3.6}% 46
\BOOKMARK [1][-]{section.3.7}{\376\377\000I\000n\000t\000e\000g\000r\000a\000c\000j\000a\000\040\000d\000e\000t\000e\000k\000t\000o\000r\000a\000\040\000Y\000O\000L\000O\000v\0004\000\040\000z\000\040\000s\000y\000m\000u\000l\000a\000t\000o\000r\000e\000m\000\040\000C\000A\000R\000L\000A}{chapter.3}% 47
\BOOKMARK [0][-]{chapter.4}{\376\377\000W\000y\000n\000i\000k\000i\000\040\000b\000a\000d\000a\001\104\000\040\000e\000k\000s\000p\000e\000r\000y\000m\000e\000n\000t\000a\000l\000n\000y\000c\000h}{}% 48
\BOOKMARK [1][-]{section.4.1}{\376\377\000P\000r\000o\000c\000e\000s\000\040\000t\000e\000s\000t\000o\000w\000a\000n\000i\000a\000\040\000s\000y\000s\000t\000e\000m\000u}{chapter.4}% 49
\BOOKMARK [1][-]{section.4.2}{\376\377\000D\000a\000n\000e}{chapter.4}% 50
\BOOKMARK [1][-]{section.4.3}{\376\377\000P\000r\000z\000y\000k\001\102\000a\000d\000o\000w\000e\000\040\000f\000u\000n\000k\000c\000j\000o\000n\000a\000l\000n\000o\001\133\000c\000i\000\040\000o\000p\000r\000o\000g\000r\000a\000m\000o\000w\000a\000n\000i\000a}{chapter.4}% 51
\BOOKMARK [0][-]{chapter.5}{\376\377\000D\000y\000s\000k\000u\000s\000j\000a\000\040\000r\000e\000z\000u\000l\000t\000a\000t\000\363\000w\000\040\000i\000\040\000w\000n\000i\000o\000s\000k\000i\000\040\000k\000o\001\104\000c\000o\000w\000e}{}% 52
